<?xml version="1.0" ?><testsuite name="utils.HitTest" time="0.007" timestamp="2023-05-16T12:27:16" tests="7" failures="0" skipped="0" aborted="0"><properties><property name="ant.library.dir" value="E:\apache\apache-ant-1.10.13-bin\apache-ant-1.10.13\lib"></property><property name="ant.file.type" value="file"></property><property name="java.specification.version" value="18"></property><property name="lib" value="lib"></property><property name="main.resources" value="src/main/resources"></property><property name="ant.project.name" value="mispi3"></property><property name="sun.cpu.isalist" value="amd64"></property><property name="sun.jnu.encoding" value="Cp1251"></property><property name="java.class.path" value="E:\apache\apache-ant-1.10.13-bin\apache-ant-1.10.13\lib\ant-launcher.jar;E:\apache\apache-ant-1.10.13-bin\apache-ant-1.10.13\lib\ant-antlr.jar;E:\apache\apache-ant-1.10.13-bin\apache-ant-1.10.13\lib\ant-apache-bcel.jar;E:\apache\apache-ant-1.10.13-bin\apache-ant-1.10.13\lib\ant-apache-bsf.jar;E:\apache\apache-ant-1.10.13-bin\apache-ant-1.10.13\lib\ant-apache-log4j.jar;E:\apache\apache-ant-1.10.13-bin\apache-ant-1.10.13\lib\ant-apache-oro.jar;E:\apache\apache-ant-1.10.13-bin\apache-ant-1.10.13\lib\ant-apache-regexp.jar;E:\apache\apache-ant-1.10.13-bin\apache-ant-1.10.13\lib\ant-apache-resolver.jar;E:\apache\apache-ant-1.10.13-bin\apache-ant-1.10.13\lib\ant-apache-xalan2.jar;E:\apache\apache-ant-1.10.13-bin\apache-ant-1.10.13\lib\ant-commons-logging.jar;E:\apache\apache-ant-1.10.13-bin\apache-ant-1.10.13\lib\ant-commons-net.jar;E:\apache\apache-ant-1.10.13-bin\apache-ant-1.10.13\lib\ant-contrib.jar;E:\apache\apache-ant-1.10.13-bin\apache-ant-1.10.13\lib\ant-imageio.jar;E:\apache\apache-ant-1.10.13-bin\apache-ant-1.10.13\lib\ant-jai.jar;E:\apache\apache-ant-1.10.13-bin\apache-ant-1.10.13\lib\ant-jakartamail.jar;E:\apache\apache-ant-1.10.13-bin\apache-ant-1.10.13\lib\ant-javamail.jar;E:\apache\apache-ant-1.10.13-bin\apache-ant-1.10.13\lib\ant-jdepend.jar;E:\apache\apache-ant-1.10.13-bin\apache-ant-1.10.13\lib\ant-jmf.jar;E:\apache\apache-ant-1.10.13-bin\apache-ant-1.10.13\lib\ant-jsch.jar;E:\apache\apache-ant-1.10.13-bin\apache-ant-1.10.13\lib\ant-junit.jar;E:\apache\apache-ant-1.10.13-bin\apache-ant-1.10.13\lib\ant-junit4.jar;E:\apache\apache-ant-1.10.13-bin\apache-ant-1.10.13\lib\ant-junitlauncher.jar;E:\apache\apache-ant-1.10.13-bin\apache-ant-1.10.13\lib\ant-launcher.jar;E:\apache\apache-ant-1.10.13-bin\apache-ant-1.10.13\lib\ant-netrexx.jar;E:\apache\apache-ant-1.10.13-bin\apache-ant-1.10.13\lib\ant-swing.jar;E:\apache\apache-ant-1.10.13-bin\apache-ant-1.10.13\lib\ant-testutil.jar;E:\apache\apache-ant-1.10.13-bin\apache-ant-1.10.13\lib\ant-xz.jar;E:\apache\apache-ant-1.10.13-bin\apache-ant-1.10.13\lib\ant.jar;E:\apache\apache-ant-1.10.13-bin\apache-ant-1.10.13\lib\ivy-2.5.1.jar"></property><property name="main" value="src/main"></property><property name="java.vm.vendor" value="Oracle Corporation"></property><property name="sun.arch.data.model" value="64"></property><property name="jvm.ver" value="18"></property><property name="path" value="/c"></property><property name="user.variant" value=""></property><property name="java.vendor.url" value="https://java.oracle.com/"></property><property name="java.vm.specification.version" value="18"></property><property name="os.name" value="Windows 11"></property><property name="sun.java.launcher" value="SUN_STANDARD"></property><property name="user.country" value="RU"></property><property name="compiled.tests" value="target/tests"></property><property name="sun.boot.library.path" value="C:\Users\excal\Java\jdk-18.0.2.1\bin"></property><property name="sun.java.command" value="org.apache.tools.ant.launch.Launcher report"></property><property name="jdk.debug" value="release"></property><property name="main.class" value="src/main/java/beans/HandlerBean.java"></property><property name="sun.cpu.endian" value="little"></property><property name="user.home" value="C:\Users\excal"></property><property name="user.language" value="ru"></property><property name="sun.stderr.encoding" value="cp866"></property><property name="java.specification.vendor" value="Oracle Corporation"></property><property name="java.version.date" value="2022-08-18"></property><property name="java.home" value="C:\Users\excal\Java\jdk-18.0.2.1"></property><property name="jvm.params" value="-Xlint:unchecked -J-Xmx6G -J-Xms4G"></property><property name="file.separator" value="\"></property><property name="basedir" value="C:\only_labs_java\mispi\lab3"></property><property name="java.vm.compressedOopsMode" value="Zero based"></property><property name="sun.stdout.encoding" value="cp866"></property><property name="line.separator" value="
"></property><property name="ant.java.version" value="18"></property><property name="tests" value="src/test"></property><property name="java.specification.name" value="Java Platform API Specification"></property><property name="java.vm.specification.vendor" value="Oracle Corporation"></property><property name="shell" value="cmd"></property><property name="doc" value="doc/"></property><property name="user.script" value=""></property><property name="sun.management.compiler" value="HotSpot 64-Bit Tiered Compilers"></property><property name="ant.file.mispi3" value="C:\only_labs_java\mispi\lab3\build.xml"></property><property name="java.runtime.version" value="18.0.2.1+1-1"></property><property name="java.security.manager" value="allow"></property><property name="user.name" value="excal"></property><property name="ant.file" value="C:\only_labs_java\mispi\lab3\build.xml"></property><property name="path.separator" value=";"></property><property name="os.version" value="10.0"></property><property name="java.runtime.name" value="Java(TM) SE Runtime Environment"></property><property name="compiled" value="target"></property><property name="file.encoding" value="UTF-8"></property><property name="ant.project.invoked-targets" value="report"></property><property name="java.vm.name" value="Java HotSpot(TM) 64-Bit Server VM"></property><property name="destination.jar" value="out/artifacts/mispi3.jar"></property><property name="ant.core.lib" value="E:\apache\apache-ant-1.10.13-bin\apache-ant-1.10.13\lib\ant.jar"></property><property name="java.vendor.url.bug" value="https://bugreport.java.com/bugreport/"></property><property name="java.io.tmpdir" value="C:\Users\excal\AppData\Local\Temp\"></property><property name="native2ascii" value="native2ascii/"></property><property name="ant.file.type.mispi3" value="file"></property><property name="java.version" value="18.0.2.1"></property><property name="user.dir" value="C:\only_labs_java\mispi\lab3"></property><property name="os.arch" value="amd64"></property><property name="java.vm.specification.name" value="Java Virtual Machine Specification"></property><property name="team" value="team"></property><property name="ant.home" value="E:\apache\apache-ant-1.10.13-bin\apache-ant-1.10.13"></property><property name="sun.os.patch.level" value=""></property><property name="native.encoding" value="Cp1251"></property><property name="ant.version" value="Apache Ant(TM) version 1.10.13 compiled on January 4 2023"></property><property name="java.library.path" value="C:\Users\excal\Java\jdk-18.0.2.1\bin;C:\WINDOWS\Sun\Java\bin;C:\WINDOWS\system32;C:\WINDOWS;C:\Windows\system32;C:\Windows;C:\Windows\System32\Wbem;C:\Windows\System32\WindowsPowerShell\v1.0\;C:\Windows\System32\OpenSSH\;C:\Program Files\NVIDIA Corporation\NVIDIA NvDLISR;C:\Program Files\Git\cmd;C:\Program Files\dotnet\;C:\Users\excal\maven\apache-maven-3.8.6\bin;C:\Program Files (x86)\NVIDIA Corporation\PhysX\Common;C:\Program Files\PuTTY\;C:\Users\excal\AppData\Roaming\nvm;C:\Program Files\nodejs;C:\Users\excal\Java\jdk-18.0.2.1\bin;C:\WINDOWS\system32;C:\WINDOWS;C:\WINDOWS\System32\Wbem;C:\WINDOWS\System32\WindowsPowerShell\v1.0\;C:\WINDOWS\System32\OpenSSH\;C:\Users\excal\AppData\Local\Programs\Python\Python310\Scripts\;C:\Users\excal\AppData\Local\Programs\Python\Python310\;C:\Users\excal\AppData\Local\Microsoft\WindowsApps;C:\Program Files\JetBrains\IntelliJ IDEA 2021.3\bin;C:\Program Files\heroku\bin;C:\Users\excal\AppData\Local\Programs\Microsoft VS Code\bin;C:\Users\excal\Haskell\ghcup\bin;C:\Program Files\JetBrains\PhpStorm 2022.2.1\bin;C:\Users\excal\AppData\Roaming\npm;E:\apache\apache-ant-1.10.13-bin\apache-ant-1.10.13\bin;."></property><property name="java.vendor" value="Oracle Corporation"></property><property name="java.vm.info" value="mixed mode, sharing"></property><property name="java.vm.version" value="18.0.2.1+1-1"></property><property name="report" value="report/"></property><property name="sun.io.unicode.encoding" value="UnicodeLittle"></property><property name="compiled.classes" value="target/classes"></property><property name="java.class.version" value="62.0"></property><property name="ant.project.default-target" value="build"></property></properties><testcase classname="utils.HitTest" name="fourthQuarterMiss()" time="0.002"></testcase><testcase classname="utils.HitTest" name="thirdQuarterHit()" time="0.001"></testcase><testcase classname="utils.HitTest" name="secondQuarterHit()" time="0.0"></testcase><testcase classname="utils.HitTest" name="firstQuarterHit()" time="0.0"></testcase><testcase classname="utils.HitTest" name="secondQuarterMiss()" time="0.0"></testcase><testcase classname="utils.HitTest" name="firstQuarterMiss()" time="0.0"></testcase><testcase classname="utils.HitTest" name="thirdQuarterMiss()" time="0.0"></testcase></testsuite>